<?xml version="1.0" encoding="UTF-8"?>
<testng-results skipped="0" failed="0" ignored="0" total="2" passed="2">
  <reporter-output>
  </reporter-output>
  <suite name="Suite" duration-ms="29093" started-at="2021-10-25T20:33:37 IST" finished-at="2021-10-25T20:34:06 IST">
    <groups>
    </groups>
    <test name="T_TestSuite" duration-ms="29093" started-at="2021-10-25T20:33:37 IST" finished-at="2021-10-25T20:34:06 IST">
      <class name="testscripts.TestLogic">
        <test-method status="PASS" signature="startUp()[pri:0, instance:testscripts.TestLogic@23d2a7e8]" name="startUp" is-config="true" duration-ms="8046" started-at="2021-10-25T20:33:37 IST" finished-at="2021-10-25T20:33:45 IST">
          <reporter-output>
          </reporter-output>
        </test-method> <!-- startUp -->
        <test-method status="PASS" signature="testSetupMethod()[pri:0, instance:testscripts.TestLogic@23d2a7e8]" name="testSetupMethod" duration-ms="6768" started-at="2021-10-25T20:33:45 IST" finished-at="2021-10-25T20:33:52 IST">
          <reporter-output>
          </reporter-output>
        </test-method> <!-- testSetupMethod -->
        <test-method status="PASS" signature="tearDown()[pri:0, instance:testscripts.TestLogic@23d2a7e8]" name="tearDown" is-config="true" duration-ms="430" started-at="2021-10-25T20:33:52 IST" finished-at="2021-10-25T20:33:52 IST">
          <reporter-output>
          </reporter-output>
        </test-method> <!-- tearDown -->
      </class> <!-- testscripts.TestLogic -->
      <class name="testscripts.TestLogic2">
        <test-method status="PASS" signature="startUp()[pri:0, instance:testscripts.TestLogic2@491cc5c9]" name="startUp" is-config="true" duration-ms="8709" started-at="2021-10-25T20:33:52 IST" finished-at="2021-10-25T20:34:01 IST">
          <reporter-output>
          </reporter-output>
        </test-method> <!-- startUp -->
        <test-method status="PASS" signature="testSetupMethod()[pri:0, instance:testscripts.TestLogic2@491cc5c9]" name="testSetupMethod" duration-ms="4828" started-at="2021-10-25T20:34:01 IST" finished-at="2021-10-25T20:34:06 IST">
          <reporter-output>
          </reporter-output>
        </test-method> <!-- testSetupMethod -->
        <test-method status="PASS" signature="tearDown()[pri:0, instance:testscripts.TestLogic2@491cc5c9]" name="tearDown" is-config="true" duration-ms="233" started-at="2021-10-25T20:34:06 IST" finished-at="2021-10-25T20:34:06 IST">
          <reporter-output>
          </reporter-output>
        </test-method> <!-- tearDown -->
      </class> <!-- testscripts.TestLogic2 -->
    </test> <!-- T_TestSuite -->
  </suite> <!-- Suite -->
</testng-results>
