<?xml version="1.0" encoding="UTF-8"?>
<testng-results skipped="0" failed="0" total="2" passed="2">
  <reporter-output>
  </reporter-output>
  <suite name="Suite" duration-ms="4952" started-at="2021-10-26T07:50:32Z" finished-at="2021-10-26T07:50:37Z">
    <groups>
    </groups>
    <test name="Test" duration-ms="4952" started-at="2021-10-26T07:50:32Z" finished-at="2021-10-26T07:50:37Z">
      <class name="testing.PropReadingTest">
        <test-method status="PASS" signature="propTest()[pri:0, instance:testing.PropReadingTest@3d299e3]" name="propTest" duration-ms="9" started-at="2021-10-26T13:20:32Z" finished-at="2021-10-26T13:20:32Z">
          <reporter-output>
          </reporter-output>
        </test-method> <!-- propTest -->
        <test-method status="PASS" signature="propTest2()[pri:0, instance:testing.PropReadingTest@3d299e3]" name="propTest2" duration-ms="4929" started-at="2021-10-26T13:20:32Z" finished-at="2021-10-26T13:20:37Z">
          <reporter-output>
          </reporter-output>
        </test-method> <!-- propTest2 -->
      </class> <!-- testing.PropReadingTest -->
    </test> <!-- Test -->
  </suite> <!-- Suite -->
</testng-results>
